<?xml version="1.0" encoding="UTF-8"?>
<testsuite xmlns:xsi="http://www.w3.org/2001/XMLSchema-instance" xsi:noNamespaceSchemaLocation="https://maven.apache.org/surefire/maven-failsafe-plugin/xsd/failsafe-test-report-3.0.xsd" version="3.0" name="As user i want to register" time="8.553" tests="1" errors="1" skipped="0" failures="0">
  <properties>
[...]
</properties>
  <testcase name="as a user I want to register valid all data" classname="As user i want to register" time="8.553">
    <error message="You must supply the same number of keys as values." type="java.lang.IllegalArgumentException"><![CDATA[java.lang.IllegalArgumentException: You must supply the same number of keys as values.
]]></error>
    <system-out><![CDATA[09:04:16.439 [pool-2-thread-1] INFO io.cucumber.core.plugin.SerenityReporter - Running feature from file:///C:/Users/Asus/IdeaProjects/API_CAPSTONE/src/test/resources/api/Register.feature

09:04:16.447 [pool-2-thread-1] WARN io.cucumber.core.plugin.SerenityReporter - Feature from file:///C:/Users/Asus/IdeaProjects/API_CAPSTONE/src/test/resources/api/Register.feature is not under the 'features' directory. Requirements report will not be correctly generated!

09:04:16.845 [pool-2-thread-1] INFO  - 

-------------------------------------------------------------------------------------
     _______. _______ .______       _______ .__   __.  __  .___________.____    ____ 
    /       ||   ____||   _  \     |   ____||  \ |  | |  | |           |\   \  /   / 
   |   (----`|  |__   |  |_)  |    |  |__   |   \|  | |  | `---|  |----` \   \/   /  
    \   \    |   __|  |      /     |   __|  |  . `  | |  |     |  |       \_    _/   
.----)   |   |  |____ |  |\  \----.|  |____ |  |\   | |  |     |  |         |  |     
|_______/    |_______|| _| `._____||_______||__| \__| |__|     |__|         |__|    
                                                                                     
 News and tutorials at http://www.serenity-bdd.info                                  
 Documentation at https://wakaleo.gitbooks.io/the-serenity-book/content/             
 Join the Serenity Community on Gitter: https://gitter.im/serenity-bdd/serenity-core 
 Serenity BDD Support and Training at http://serenity-bdd.info/#/trainingandsupport  
-------------------------------------------------------------------------------------


09:04:16.855 [pool-2-thread-1] DEBUG net.thucydides.core.steps.StepEventBus - Test suite started for story net.thucydides.core.model.Story@2e3a5d0f

09:04:16.865 [pool-2-thread-1] INFO  - Test Suite Started: As user i want to register

09:04:25.478 [pool-2-thread-1] ERROR  - 
  _____   ___   ___   _____     ___   ___   ___    ___    ___ 
 |_   _| | __| / __| |_   _|   | __| | _ \ | _ \  / _ \  | _ \
   | |   | _|  \__ \   | |     | _|  |   / |   / | (_) | |   /
   |_|   |___| |___/   |_|     |___| |_|_\ |_|_\  \___/  |_|_\

as a user I want to register valid all data
---------------------------------------------------------------

09:04:25.492 [pool-2-thread-1] DEBUG  - RELATED ISSUES: 

09:04:25.667 [pool-2-thread-1] ERROR  -     Test failed at step: user set headers value API-Key

09:04:25.668 [pool-2-thread-1] ERROR  -     You must supply the same number of keys as values.



&amp#27;[31mFailed scenarios:&amp#27;[0m

file:///C:/Users/Asus/IdeaProjects/API_CAPSTONE/src/test/resources/api/Register.feature:3 # as a user I want to register valid all data



1
 Scenarios (
&amp#27;[31m1 failed&amp#27;[0m
)

5
 Steps (
&amp#27;[31m1 failed&amp#27;[0m
, 
&amp#27;[36m3 skipped&amp#27;[0m
, 
&amp#27;[32m1 passed&amp#27;[0m
)

0m
9.270s





java.lang.IllegalArgumentException: You must supply the same number of keys as values.

	at java.base/jdk.internal.reflect.NativeConstructorAccessorImpl.newInstance0(Native Method)

	at java.base/jdk.internal.reflect.NativeConstructorAccessorImpl.newInstance(NativeConstructorAccessorImpl.java:77)

	at java.base/jdk.internal.reflect.DelegatingConstructorAccessorImpl.newInstance(DelegatingConstructorAccessorImpl.java:45)

	at java.base/java.lang.reflect.Constructor.newInstanceWithCaller(Constructor.java:499)

	at java.base/java.lang.reflect.Constructor.newInstance(Constructor.java:480)

	at org.codehaus.groovy.reflection.CachedConstructor.invoke(CachedConstructor.java:72)

	at org.codehaus.groovy.runtime.callsite.ConstructorSite$ConstructorSiteNoUnwrapNoCoerce.callConstructor(ConstructorSite.java:105)

	at org.codehaus.groovy.runtime.callsite.CallSiteArray.defaultCallConstructor(CallSiteArray.java:59)

	at org.codehaus.groovy.runtime.callsite.AbstractCallSite.callConstructor(AbstractCallSite.java:263)

	at org.codehaus.groovy.runtime.callsite.AbstractCallSite.callConstructor(AbstractCallSite.java:277)

	at io.restassured.internal.MapCreator.createMapFromObjects(MapCreator.groovy:50)

	at io.restassured.internal.MapCreator$createMapFromObjects.callStatic(Unknown Source)

	at org.codehaus.groovy.runtime.callsite.CallSiteArray.defaultCallStatic(CallSiteArray.java:55)

	at org.codehaus.groovy.runtime.callsite.AbstractCallSite.callStatic(AbstractCallSite.java:217)

	at org.codehaus.groovy.runtime.callsite.AbstractCallSite.callStatic(AbstractCallSite.java:240)

	at io.restassured.internal.MapCreator.createMapFromParams(MapCreator.groovy:32)

	at net.serenitybdd.rest.decorators.request.RequestSpecificationHeaderConfigurations.headers(RequestSpecificationHeaderConfigurations.java:45)

	at net.serenitybdd.rest.decorators.request.RequestSpecificationDecorated.headers(RequestSpecificationDecorated.java:38)

	at API.CAPSTONE@1.0-SNAPSHOT/starter.ramean.Register.valueApiKey(Register.java:28)

	at API.CAPSTONE@1.0-SNAPSHOT/starter.ramean.Register$ByteBuddy$oW8yLCi1.valueApiKey$accessor$f7OIus6b(Unknown Source)

	at java.base/jdk.internal.reflect.NativeMethodAccessorImpl.invoke0(Native Method)

	at java.base/jdk.internal.reflect.NativeMethodAccessorImpl.invoke(NativeMethodAccessorImpl.java:77)

	at java.base/jdk.internal.reflect.DelegatingMethodAccessorImpl.invoke(DelegatingMethodAccessorImpl.java:43)

	at java.base/java.lang.reflect.Method.invoke(Method.java:568)

	at net.thucydides.core.steps.StepInterceptor.invokeMethod(StepInterceptor.java:492)

	at net.thucydides.core.steps.StepInterceptor.executeTestStepMethod(StepInterceptor.java:472)

	at net.thucydides.core.steps.StepInterceptor.runTestStep(StepInterceptor.java:445)

	at net.thucydides.core.steps.StepInterceptor.runOrSkipMethod(StepInterceptor.java:201)

	at net.thucydides.core.steps.StepInterceptor.testStepResult(StepInterceptor.java:188)

	at net.thucydides.core.steps.StepInterceptor.intercept(StepInterceptor.java:76)

	at net.thucydides.core.steps.ProxyConfiguration$InterceptorDispatcher.intercept(ProxyConfiguration.java:51)

	at API.CAPSTONE@1.0-SNAPSHOT/starter.ramean.Register$ByteBuddy$oW8yLCi1.valueApiKey(Unknown Source)

	at API.CAPSTONE@1.0-SNAPSHOT/starter.stepdefinitions.Registersteps.setApiKeyValue(Registersteps.java:20)

	at ?.user set headers value API-Key(file:///C:/Users/Asus/IdeaProjects/API_CAPSTONE/src/test/resources/api/Register.feature:5)





09:04:25.720 [pool-2-thread-1] DEBUG net.thucydides.core.reports.ReportService - Reporting formats: [JSON, HTML]

09:04:25.922 [pool-2-thread-1] DEBUG net.thucydides.core.reports.ReportService - Reporting formats: [JSON, HTML]

09:04:25.947 [pool-2-thread-1] DEBUG net.thucydides.core.reports.ReportService - Generating reports for 1 test outcomes using: net.thucydides.core.reports.json.JSONTestOutcomeReporter@421fede

09:04:25.949 [pool-2-thread-1] DEBUG net.thucydides.core.reports.ReportService - Processing test outcome As user i want to register:as a user I want to register valid all data

09:04:25.949 [pool-2-thread-1] INFO net.thucydides.core.reports.ReportService - net.thucydides.core.reports.json.JSONTestOutcomeReporter@421fede: Generating report for test outcome: As user i want to register:as a user I want to register valid all data

09:04:25.969 [pool-2-thread-1] DEBUG net.thucydides.core.reports.json.JSONTestOutcomeReporter - Generating JSON report for as a user I want to register valid all data to file C:\Users\Asus\IdeaProjects\API_CAPSTONE\target\site\serenity\ccc37d2b50648da0fd75fd739883423ba6bd43736289d01511c47c23adb94d71.json (using temp file C:\Users\Asus\IdeaProjects\API_CAPSTONE\target\site\serenity\ccc37d2b50648da0fd75fd739883423ba6bd43736289d01511c47c23adb94d71.json3af4d9fd-4dd2-4b87-b36a-971a8fa9cd74)

09:04:26.056 [pool-2-thread-1] DEBUG net.thucydides.core.reports.ReportService - Processing test outcome As user i want to register:as a user I want to register valid all data done

09:04:26.057 [pool-2-thread-1] DEBUG net.thucydides.core.reports.ReportService - Shutting down executor service

09:04:26.057 [pool-2-thread-1] DEBUG net.thucydides.core.reports.ReportService - Reports generated in: 110 ms

09:04:26.057 [pool-2-thread-1] DEBUG net.thucydides.core.reports.ReportService - Generating reports for 1 test outcomes using: net.thucydides.core.reports.html.HtmlAcceptanceTestReporter@22df648d

09:04:26.065 [pool-3-thread-1] DEBUG net.thucydides.core.reports.ReportService - Processing test outcome As user i want to register:as a user I want to register valid all data

09:04:26.066 [pool-3-thread-1] INFO net.thucydides.core.reports.ReportService - net.thucydides.core.reports.html.HtmlAcceptanceTestReporter@22df648d: Generating report for test outcome: As user i want to register:as a user I want to register valid all data

09:04:26.112 [pool-3-thread-1] WARN net.thucydides.core.requirements.RequirementsTagProvider - Failed to load requirements: Illegal char <:> at index 4: file:\C:\Users\Asus\IdeaProjects\API_CAPSTONE\src\test\resources\api\Register.feature
java.nio.file.InvalidPathException: Illegal char <:> at index 4: file:\C:\Users\Asus\IdeaProjects\API_CAPSTONE\src\test\resources\api\Register.feature
	at java.base/sun.nio.fs.WindowsPathParser.normalize(WindowsPathParser.java:182)
	at java.base/sun.nio.fs.WindowsPathParser.parse(WindowsPathParser.java:153)
	at java.base/sun.nio.fs.WindowsPathParser.parse(WindowsPathParser.java:77)
	at java.base/sun.nio.fs.WindowsPath.parse(WindowsPath.java:92)
	at java.base/sun.nio.fs.WindowsFileSystem.getPath(WindowsFileSystem.java:232)
	at java.base/java.io.File.toPath(File.java:2387)
	at net.thucydides.core.requirements.RootDirectory.getRelativePathOf(RootDirectory.java:364)
	at net.thucydides.core.requirements.FileSystemRequirementsTagProvider.requirementWithMatchingPath(FileSystemRequirementsTagProvider.java:372)
	at net.thucydides.core.requirements.FileSystemRequirementsTagProvider.getParentRequirementOf(FileSystemRequirementsTagProvider.java:335)
	at net.thucydides.core.requirements.ParentRequirementsProvided.forOutcome(ParentRequirementsProvided.java:26)
	at net.thucydides.core.requirements.BaseRequirementsService.getParentRequirementOf(BaseRequirementsService.java:138)
	at net.thucydides.core.requirements.BaseRequirementsService.getParentRequirementFor(BaseRequirementsService.java:48)
	at net.thucydides.core.reports.html.HtmlAcceptanceTestReporter.addParentRequirmentFieldToContext(HtmlAcceptanceTestReporter.java:196)
	at net.thucydides.core.reports.html.HtmlAcceptanceTestReporter.addTestOutcomeToContext(HtmlAcceptanceTestReporter.java:190)
	at net.thucydides.core.reports.html.HtmlAcceptanceTestReporter.generateReportFor(HtmlAcceptanceTestReporter.java:105)
	at net.thucydides.core.reports.ReportService.generateReportFor(ReportService.java:246)
	at net.thucydides.core.reports.ReportService.lambda$generateReportsFor$0(ReportService.java:184)
	at java.base/java.util.concurrent.Executors$RunnableAdapter.call(Executors.java:539)
	at java.base/java.util.concurrent.FutureTask.run(FutureTask.java:264)
	at java.base/java.util.concurrent.ThreadPoolExecutor.runWorker(ThreadPoolExecutor.java:1136)
	at java.base/java.util.concurrent.ThreadPoolExecutor$Worker.run(ThreadPoolExecutor.java:635)
	at java.base/java.lang.Thread.run(Thread.java:833)

09:04:26.116 [pool-3-thread-1] WARN net.thucydides.core.requirements.RequirementsTagProvider - Failed to load requirements: Illegal char <:> at index 4: file:\C:\Users\Asus\IdeaProjects\API_CAPSTONE\src\test\resources\api\Register.feature
java.nio.file.InvalidPathException: Illegal char <:> at index 4: file:\C:\Users\Asus\IdeaProjects\API_CAPSTONE\src\test\resources\api\Register.feature
	at java.base/sun.nio.fs.WindowsPathParser.normalize(WindowsPathParser.java:182)
	at java.base/sun.nio.fs.WindowsPathParser.parse(WindowsPathParser.java:153)
	at java.base/sun.nio.fs.WindowsPathParser.parse(WindowsPathParser.java:77)
	at java.base/sun.nio.fs.WindowsPath.parse(WindowsPath.java:92)
	at java.base/sun.nio.fs.WindowsFileSystem.getPath(WindowsFileSystem.java:232)
	at java.base/java.io.File.toPath(File.java:2387)
	at net.thucydides.core.requirements.RootDirectory.getRelativePathOf(RootDirectory.java:364)
	at net.thucydides.core.requirements.FileSystemRequirementsTagProvider.requirementWithMatchingPath(FileSystemRequirementsTagProvider.java:372)
	at net.thucydides.core.requirements.FileSystemRequirementsTagProvider.getParentRequirementOf(FileSystemRequirementsTagProvider.java:335)
	at net.thucydides.core.requirements.ParentRequirementsProvided.forOutcome(ParentRequirementsProvided.java:26)
	at net.thucydides.core.requirements.BaseRequirementsService.getParentRequirementOf(BaseRequirementsService.java:138)
	at net.thucydides.core.requirements.BaseRequirementsService.getAncestorRequirementsFor(BaseRequirementsService.java:78)
	at net.thucydides.core.reports.html.HtmlAcceptanceTestReporter.addBreadcrumbs(HtmlAcceptanceTestReporter.java:226)
	at net.thucydides.core.reports.html.HtmlAcceptanceTestReporter.addParentRequirmentFieldToContext(HtmlAcceptanceTestReporter.java:214)
	at net.thucydides.core.reports.html.HtmlAcceptanceTestReporter.addTestOutcomeToContext(HtmlAcceptanceTestReporter.java:190)
	at net.thucydides.core.reports.html.HtmlAcceptanceTestReporter.generateReportFor(HtmlAcceptanceTestReporter.java:105)
	at net.thucydides.core.reports.ReportService.generateReportFor(ReportService.java:246)
	at net.thucydides.core.reports.ReportService.lambda$generateReportsFor$0(ReportService.java:184)
	at java.base/java.util.concurrent.Executors$RunnableAdapter.call(Executors.java:539)
	at java.base/java.util.concurrent.FutureTask.run(FutureTask.java:264)
	at java.base/java.util.concurrent.ThreadPoolExecutor.runWorker(ThreadPoolExecutor.java:1136)
	at java.base/java.util.concurrent.ThreadPoolExecutor$Worker.run(ThreadPoolExecutor.java:635)
	at java.base/java.lang.Thread.run(Thread.java:833)

09:04:26.119 [pool-3-thread-1] WARN net.thucydides.core.requirements.RequirementsTagProvider - Failed to load requirements: Illegal char <:> at index 4: file:\C:\Users\Asus\IdeaProjects\API_CAPSTONE\src\test\resources\api\Register.feature
java.nio.file.InvalidPathException: Illegal char <:> at index 4: file:\C:\Users\Asus\IdeaProjects\API_CAPSTONE\src\test\resources\api\Register.feature
	at java.base/sun.nio.fs.WindowsPathParser.normalize(WindowsPathParser.java:182)
	at java.base/sun.nio.fs.WindowsPathParser.parse(WindowsPathParser.java:153)
	at java.base/sun.nio.fs.WindowsPathParser.parse(WindowsPathParser.java:77)
	at java.base/sun.nio.fs.WindowsPath.parse(WindowsPath.java:92)
	at java.base/sun.nio.fs.WindowsFileSystem.getPath(WindowsFileSystem.java:232)
	at java.base/java.io.File.toPath(File.java:2387)
	at net.thucydides.core.requirements.RootDirectory.getRelativePathOf(RootDirectory.java:364)
	at net.thucydides.core.requirements.FileSystemRequirementsTagProvider.requirementWithMatchingPath(FileSystemRequirementsTagProvider.java:372)
	at net.thucydides.core.requirements.FileSystemRequirementsTagProvider.getParentRequirementOf(FileSystemRequirementsTagProvider.java:335)
	at net.thucydides.core.requirements.ParentRequirementsProvided.forOutcome(ParentRequirementsProvided.java:26)
	at net.thucydides.core.requirements.BaseRequirementsService.getParentRequirementOf(BaseRequirementsService.java:138)
	at net.thucydides.core.requirements.BaseRequirementsService.getAncestorRequirementsFor(BaseRequirementsService.java:78)
	at net.thucydides.core.tags.BreadcrumbTagFilter.getRequirementBreadcrumbsFrom(BreadcrumbTagFilter.java:51)
	at net.thucydides.core.reports.html.HtmlAcceptanceTestReporter.addBreadcrumbs(HtmlAcceptanceTestReporter.java:227)
	at net.thucydides.core.reports.html.HtmlAcceptanceTestReporter.addParentRequirmentFieldToContext(HtmlAcceptanceTestReporter.java:214)
	at net.thucydides.core.reports.html.HtmlAcceptanceTestReporter.addTestOutcomeToContext(HtmlAcceptanceTestReporter.java:190)
	at net.thucydides.core.reports.html.HtmlAcceptanceTestReporter.generateReportFor(HtmlAcceptanceTestReporter.java:105)
	at net.thucydides.core.reports.ReportService.generateReportFor(ReportService.java:246)
	at net.thucydides.core.reports.ReportService.lambda$generateReportsFor$0(ReportService.java:184)
	at java.base/java.util.concurrent.Executors$RunnableAdapter.call(Executors.java:539)
	at java.base/java.util.concurrent.FutureTask.run(FutureTask.java:264)
	at java.base/java.util.concurrent.ThreadPoolExecutor.runWorker(ThreadPoolExecutor.java:1136)
	at java.base/java.util.concurrent.ThreadPoolExecutor$Worker.run(ThreadPoolExecutor.java:635)
	at java.base/java.lang.Thread.run(Thread.java:833)

09:04:28.275 [pool-3-thread-1] DEBUG serenity.reporting - Generating report in ccc37d2b50648da0fd75fd739883423ba6bd43736289d01511c47c23adb94d71.html

09:04:29.435 [pool-3-thread-1] DEBUG serenity.reporting - Generated report ccc37d2b50648da0fd75fd739883423ba6bd43736289d01511c47c23adb94d71.html in 1160 ms

09:04:29.435 [pool-3-thread-1] DEBUG net.thucydides.core.reports.ReportService - Processing test outcome As user i want to register:as a user I want to register valid all data done

09:04:29.436 [pool-2-thread-1] DEBUG net.thucydides.core.reports.ReportService - Shutting down executor service

09:04:29.436 [pool-2-thread-1] DEBUG net.thucydides.core.reports.ReportService - Reports generated in: 3379 ms

09:04:29.911 [pool-2-thread-1] INFO io.cucumber.core.plugin.SerenityReporter - Cleanup test resources for URI file:///C:/Users/Asus/IdeaProjects/API_CAPSTONE/src/test/resources/api/Register.feature


Scenario: as a user I want to register valid all data &amp#27;[90m# src/test/resources/api/Register.feature:3&amp#27;[0m
09:04:17.310 [pool-2-thread-1] INFO io.cucumber.core.plugin.SerenityReporter - Running feature from file:///C:/Users/Asus/IdeaProjects/API_CAPSTONE/src/test/resources/api/Register.feature
09:04:17.311 [pool-2-thread-1] WARN io.cucumber.core.plugin.SerenityReporter - Feature from file:///C:/Users/Asus/IdeaProjects/API_CAPSTONE/src/test/resources/api/Register.feature is not under the 'features' directory. Requirements report will not be correctly generated!
09:04:17.577 [pool-2-thread-1] INFO  - 
  _____   ___   ___   _____     ___   _____     _     ___   _____   ___   ___  
 |_   _| | __| / __| |_   _|   / __| |_   _|   /_\   | _ \ |_   _| | __| |   \ 
   | |   | _|  \__ \   | |     \__ \   | |    / _ \  |   /   | |   | _|  | |) |
   |_|   |___| |___/   |_|     |___/   |_|   /_/ \_\ |_|_\   |_|   |___| |___/ 

as a user I want to register valid all data(as-user-i-want-to-register;as-a-user-i-want-to-register-valid-all-data)
--------------------------------------------------------------------------------
09:04:18.592 [pool-2-thread-1] DEBUG net.thucydides.core.steps.StepInterceptor - STARTING STEP: Registersteps.setPostRegisEndponit - user set endpoint for register
09:04:18.596 [pool-2-thread-1] DEBUG net.thucydides.core.steps.StepInterceptor - STEP DONE: user set endpoint for register
  &amp#27;[32mGiven &amp#27;[0m&amp#27;[32muser set endpoint for register&amp#27;[0m                &amp#27;[90m# starter.stepdefinitions.Registersteps.setPostRegisEndponit()&amp#27;[0m
09:04:18.636 [pool-2-thread-1] DEBUG net.thucydides.core.steps.StepInterceptor - STARTING STEP: Registersteps.setApiKeyValue - user set headers value API-Key
  &amp#27;[31mAnd &amp#27;[0m&amp#27;[31muser set headers value API-Key&amp#27;[0m                  &amp#27;[90m# starter.stepdefinitions.Registersteps.setApiKeyValue()&amp#27;[0m
      &amp#27;[31mjava.lang.IllegalArgumentException: You must supply the same number of keys as values.
	at java.base/jdk.internal.reflect.NativeConstructorAccessorImpl.newInstance0(Native Method)
	at java.base/jdk.internal.reflect.NativeConstructorAccessorImpl.newInstance(NativeConstructorAccessorImpl.java:77)
	at java.base/jdk.internal.reflect.DelegatingConstructorAccessorImpl.newInstance(DelegatingConstructorAccessorImpl.java:45)
	at java.base/java.lang.reflect.Constructor.newInstanceWithCaller(Constructor.java:499)
	at java.base/java.lang.reflect.Constructor.newInstance(Constructor.java:480)
	at org.codehaus.groovy.reflection.CachedConstructor.invoke(CachedConstructor.java:72)
	at org.codehaus.groovy.runtime.callsite.ConstructorSite$ConstructorSiteNoUnwrapNoCoerce.callConstructor(ConstructorSite.java:105)
	at org.codehaus.groovy.runtime.callsite.CallSiteArray.defaultCallConstructor(CallSiteArray.java:59)
	at org.codehaus.groovy.runtime.callsite.AbstractCallSite.callConstructor(AbstractCallSite.java:263)
	at org.codehaus.groovy.runtime.callsite.AbstractCallSite.callConstructor(AbstractCallSite.java:277)
	at io.restassured.internal.MapCreator.createMapFromObjects(MapCreator.groovy:50)
	at io.restassured.internal.MapCreator$createMapFromObjects.callStatic(Unknown Source)
	at org.codehaus.groovy.runtime.callsite.CallSiteArray.defaultCallStatic(CallSiteArray.java:55)
	at org.codehaus.groovy.runtime.callsite.AbstractCallSite.callStatic(AbstractCallSite.java:217)
	at org.codehaus.groovy.runtime.callsite.AbstractCallSite.callStatic(AbstractCallSite.java:240)
	at io.restassured.internal.MapCreator.createMapFromParams(MapCreator.groovy:32)
	at net.serenitybdd.rest.decorators.request.RequestSpecificationHeaderConfigurations.headers(RequestSpecificationHeaderConfigurations.java:45)
	at net.serenitybdd.rest.decorators.request.RequestSpecificationDecorated.headers(RequestSpecificationDecorated.java:38)
	at API.CAPSTONE@1.0-SNAPSHOT/starter.ramean.Register.valueApiKey(Register.java:28)
	at API.CAPSTONE@1.0-SNAPSHOT/starter.ramean.Register$ByteBuddy$oW8yLCi1.valueApiKey$accessor$f7OIus6b(Unknown Source)
	at java.base/jdk.internal.reflect.NativeMethodAccessorImpl.invoke0(Native Method)
	at java.base/jdk.internal.reflect.NativeMethodAccessorImpl.invoke(NativeMethodAccessorImpl.java:77)
	at java.base/jdk.internal.reflect.DelegatingMethodAccessorImpl.invoke(DelegatingMethodAccessorImpl.java:43)
	at java.base/java.lang.reflect.Method.invoke(Method.java:568)
	at net.thucydides.core.steps.StepInterceptor.invokeMethod(StepInterceptor.java:492)
	at net.thucydides.core.steps.StepInterceptor.executeTestStepMethod(StepInterceptor.java:472)
	at net.thucydides.core.steps.StepInterceptor.runTestStep(StepInterceptor.java:445)
	at net.thucydides.core.steps.StepInterceptor.runOrSkipMethod(StepInterceptor.java:201)
	at net.thucydides.core.steps.StepInterceptor.testStepResult(StepInterceptor.java:188)
	at net.thucydides.core.steps.StepInterceptor.intercept(StepInterceptor.java:76)
	at net.thucydides.core.steps.ProxyConfiguration$InterceptorDispatcher.intercept(ProxyConfiguration.java:51)
	at API.CAPSTONE@1.0-SNAPSHOT/starter.ramean.Register$ByteBuddy$oW8yLCi1.valueApiKey(Unknown Source)
	at API.CAPSTONE@1.0-SNAPSHOT/starter.stepdefinitions.Registersteps.setApiKeyValue(Registersteps.java:20)
	at âœ½.user set headers value API-Key(file:///C:/Users/Asus/IdeaProjects/API_CAPSTONE/src/test/resources/api/Register.feature:5)
&amp#27;[0m
  &amp#27;[36mWhen &amp#27;[0m&amp#27;[36muser input valid all data in body&amp#27;[0m              &amp#27;[90m# starter.stepdefinitions.Registersteps.inputValidDataBody()&amp#27;[0m
  &amp#27;[36mThen &amp#27;[0m&amp#27;[36muser see status code 201&amp#27;[0m                       &amp#27;[90m# starter.stepdefinitions.Registersteps.statusCode201()&amp#27;[0m
  &amp#27;[36mAnd &amp#27;[0m&amp#27;[36muser see sucsess status&amp#27;[0m                         &amp#27;[90m# starter.stepdefinitions.Registersteps.validateStatus()&amp#27;[0m
]]></system-out>
  </testcase>
</testsuite>