<?xml version="1.0" encoding="UTF-8"?>
<testsuite xmlns:xsi="http://www.w3.org/2001/XMLSchema-instance" xsi:noNamespaceSchemaLocation="https://maven.apache.org/surefire/maven-failsafe-plugin/xsd/failsafe-test-report-3.0.xsd" version="3.0" name="As user I want to PUT add moderator a thread #2" time="17.687" tests="1" errors="0" skipped="0" failures="0">
  <properties>
[...]
</properties>
  <testcase name="As user I want to success PUT add moderator a thread" classname="As user I want to PUT add moderator a thread #2" time="17.687">
    <system-out><![CDATA[11:55:55.779 [pool-2-thread-1] INFO io.cucumber.core.plugin.SerenityReporter - Running feature from file:///C:/Users/Asus/IdeaProjects/API_CAPSTONE/src/test/resources/api/AdminDashboard.feature

11:55:55.794 [pool-2-thread-1] WARN io.cucumber.core.plugin.SerenityReporter - Feature from file:///C:/Users/Asus/IdeaProjects/API_CAPSTONE/src/test/resources/api/AdminDashboard.feature is not under the 'features' directory. Requirements report will not be correctly generated!

11:55:56.622 [pool-2-thread-1] INFO  - 

-------------------------------------------------------------------------------------
     _______. _______ .______       _______ .__   __.  __  .___________.____    ____ 
    /       ||   ____||   _  \     |   ____||  \ |  | |  | |           |\   \  /   / 
   |   (----`|  |__   |  |_)  |    |  |__   |   \|  | |  | `---|  |----` \   \/   /  
    \   \    |   __|  |      /     |   __|  |  . `  | |  |     |  |       \_    _/   
.----)   |   |  |____ |  |\  \----.|  |____ |  |\   | |  |     |  |         |  |     
|_______/    |_______|| _| `._____||_______||__| \__| |__|     |__|         |__|    
                                                                                     
 News and tutorials at http://www.serenity-bdd.info                                  
 Documentation at https://wakaleo.gitbooks.io/the-serenity-book/content/             
 Join the Serenity Community on Gitter: https://gitter.im/serenity-bdd/serenity-core 
 Serenity BDD Support and Training at http://serenity-bdd.info/#/trainingandsupport  
-------------------------------------------------------------------------------------


11:55:56.638 [pool-2-thread-1] DEBUG net.thucydides.core.steps.StepEventBus - Test suite started for story net.thucydides.core.model.Story@7c8ed98

11:55:56.638 [pool-2-thread-1] INFO  - Test Suite Started: As admin I want to get data admin dashboard

11:55:56.669 [pool-2-thread-1] INFO io.cucumber.core.plugin.SerenityReporter - Running feature from file:///C:/Users/Asus/IdeaProjects/API_CAPSTONE/src/test/resources/api/CategoriesDeletAdmin.feature

11:55:56.669 [pool-2-thread-1] WARN io.cucumber.core.plugin.SerenityReporter - Feature from file:///C:/Users/Asus/IdeaProjects/API_CAPSTONE/src/test/resources/api/CategoriesDeletAdmin.feature is not under the 'features' directory. Requirements report will not be correctly generated!

11:55:56.685 [pool-2-thread-1] DEBUG net.thucydides.core.steps.StepEventBus - Test suite started for story net.thucydides.core.model.Story@4cd9f105

11:55:56.685 [pool-2-thread-1] INFO  - Test Suite Started: As admin I want to create categories

11:55:56.685 [pool-2-thread-1] INFO io.cucumber.core.plugin.SerenityReporter - Running feature from file:///C:/Users/Asus/IdeaProjects/API_CAPSTONE/src/test/resources/api/CategoriesGetAdmin.feature

11:55:56.685 [pool-2-thread-1] WARN io.cucumber.core.plugin.SerenityReporter - Feature from file:///C:/Users/Asus/IdeaProjects/API_CAPSTONE/src/test/resources/api/CategoriesGetAdmin.feature is not under the 'features' directory. Requirements report will not be correctly generated!

11:55:56.700 [pool-2-thread-1] DEBUG net.thucydides.core.steps.StepEventBus - Test suite started for story net.thucydides.core.model.Story@2475feda

11:55:56.700 [pool-2-thread-1] INFO  - Test Suite Started: As admin I want to get all data categories

11:55:56.700 [pool-2-thread-1] INFO io.cucumber.core.plugin.SerenityReporter - Running feature from file:///C:/Users/Asus/IdeaProjects/API_CAPSTONE/src/test/resources/api/CategoriesGetAdminThreeds.feature

11:55:56.700 [pool-2-thread-1] WARN io.cucumber.core.plugin.SerenityReporter - Feature from file:///C:/Users/Asus/IdeaProjects/API_CAPSTONE/src/test/resources/api/CategoriesGetAdminThreeds.feature is not under the 'features' directory. Requirements report will not be correctly generated!

11:55:56.700 [pool-2-thread-1] DEBUG net.thucydides.core.steps.StepEventBus - Test suite started for story net.thucydides.core.model.Story@6af5d083

11:55:56.716 [pool-2-thread-1] INFO  - Test Suite Started: As admin I want to get data categories

11:55:56.716 [pool-2-thread-1] INFO io.cucumber.core.plugin.SerenityReporter - Running feature from file:///C:/Users/Asus/IdeaProjects/API_CAPSTONE/src/test/resources/api/CategoriesGetUser.feature

11:55:56.716 [pool-2-thread-1] WARN io.cucumber.core.plugin.SerenityReporter - Feature from file:///C:/Users/Asus/IdeaProjects/API_CAPSTONE/src/test/resources/api/CategoriesGetUser.feature is not under the 'features' directory. Requirements report will not be correctly generated!

11:55:56.716 [pool-2-thread-1] DEBUG net.thucydides.core.steps.StepEventBus - Test suite started for story net.thucydides.core.model.Story@c851944a

11:55:56.716 [pool-2-thread-1] INFO  - Test Suite Started: As user I want to get all data categories

11:55:56.716 [pool-2-thread-1] INFO io.cucumber.core.plugin.SerenityReporter - Running feature from file:///C:/Users/Asus/IdeaProjects/API_CAPSTONE/src/test/resources/api/CategoriesGetUserThreeds.feature

11:55:56.716 [pool-2-thread-1] WARN io.cucumber.core.plugin.SerenityReporter - Feature from file:///C:/Users/Asus/IdeaProjects/API_CAPSTONE/src/test/resources/api/CategoriesGetUserThreeds.feature is not under the 'features' directory. Requirements report will not be correctly generated!

11:55:56.747 [pool-2-thread-1] DEBUG net.thucydides.core.steps.StepEventBus - Test suite started for story net.thucydides.core.model.Story@99148c2f

11:55:56.747 [pool-2-thread-1] INFO  - Test Suite Started: As user I want to get data categories

11:55:56.747 [pool-2-thread-1] INFO io.cucumber.core.plugin.SerenityReporter - Running feature from file:///C:/Users/Asus/IdeaProjects/API_CAPSTONE/src/test/resources/api/CategoriesPost.feature

11:55:56.747 [pool-2-thread-1] WARN io.cucumber.core.plugin.SerenityReporter - Feature from file:///C:/Users/Asus/IdeaProjects/API_CAPSTONE/src/test/resources/api/CategoriesPost.feature is not under the 'features' directory. Requirements report will not be correctly generated!

11:55:56.763 [pool-2-thread-1] DEBUG net.thucydides.core.steps.StepEventBus - Test suite started for story net.thucydides.core.model.Story@a8ebf770

11:55:56.763 [pool-2-thread-1] INFO  - Test Suite Started: As admin I want to create categories

11:55:56.763 [pool-2-thread-1] INFO io.cucumber.core.plugin.SerenityReporter - Running feature from file:///C:/Users/Asus/IdeaProjects/API_CAPSTONE/src/test/resources/api/CategoriesPutAdmin.feature

11:55:56.763 [pool-2-thread-1] WARN io.cucumber.core.plugin.SerenityReporter - Feature from file:///C:/Users/Asus/IdeaProjects/API_CAPSTONE/src/test/resources/api/CategoriesPutAdmin.feature is not under the 'features' directory. Requirements report will not be correctly generated!

11:55:56.779 [pool-2-thread-1] DEBUG net.thucydides.core.steps.StepEventBus - Test suite started for story net.thucydides.core.model.Story@d828b6d0

11:55:56.779 [pool-2-thread-1] INFO  - Test Suite Started: As admin I want to create categories

11:55:56.779 [pool-2-thread-1] INFO io.cucumber.core.plugin.SerenityReporter - Running feature from file:///C:/Users/Asus/IdeaProjects/API_CAPSTONE/src/test/resources/api/LoginAdminPost.feature

11:55:56.779 [pool-2-thread-1] WARN io.cucumber.core.plugin.SerenityReporter - Feature from file:///C:/Users/Asus/IdeaProjects/API_CAPSTONE/src/test/resources/api/LoginAdminPost.feature is not under the 'features' directory. Requirements report will not be correctly generated!

11:55:56.794 [pool-2-thread-1] DEBUG net.thucydides.core.steps.StepEventBus - Test suite started for story net.thucydides.core.model.Story@e89b525e

11:55:56.794 [pool-2-thread-1] INFO  - Test Suite Started: As admin i want to login

11:55:56.794 [pool-2-thread-1] INFO io.cucumber.core.plugin.SerenityReporter - Running feature from file:///C:/Users/Asus/IdeaProjects/API_CAPSTONE/src/test/resources/api/LoginUserPost.feature

11:55:56.794 [pool-2-thread-1] WARN io.cucumber.core.plugin.SerenityReporter - Feature from file:///C:/Users/Asus/IdeaProjects/API_CAPSTONE/src/test/resources/api/LoginUserPost.feature is not under the 'features' directory. Requirements report will not be correctly generated!

11:55:56.810 [pool-2-thread-1] DEBUG net.thucydides.core.steps.StepEventBus - Test suite started for story net.thucydides.core.model.Story@abe10a0c

11:55:56.810 [pool-2-thread-1] INFO  - Test Suite Started: As user i want to login

11:55:56.810 [pool-2-thread-1] INFO io.cucumber.core.plugin.SerenityReporter - Running feature from file:///C:/Users/Asus/IdeaProjects/API_CAPSTONE/src/test/resources/api/RegisterUserPost.feature

11:55:56.810 [pool-2-thread-1] WARN io.cucumber.core.plugin.SerenityReporter - Feature from file:///C:/Users/Asus/IdeaProjects/API_CAPSTONE/src/test/resources/api/RegisterUserPost.feature is not under the 'features' directory. Requirements report will not be correctly generated!

11:55:56.841 [pool-2-thread-1] DEBUG net.thucydides.core.steps.StepEventBus - Test suite started for story net.thucydides.core.model.Story@d5e373a

11:55:56.841 [pool-2-thread-1] INFO  - Test Suite Started: As user i want to register

11:55:56.841 [pool-2-thread-1] INFO io.cucumber.core.plugin.SerenityReporter - Running feature from file:///C:/Users/Asus/IdeaProjects/API_CAPSTONE/src/test/resources/api/ThreadDeleteIDAdmin.feature

11:55:56.841 [pool-2-thread-1] WARN io.cucumber.core.plugin.SerenityReporter - Feature from file:///C:/Users/Asus/IdeaProjects/API_CAPSTONE/src/test/resources/api/ThreadDeleteIDAdmin.feature is not under the 'features' directory. Requirements report will not be correctly generated!

11:55:56.857 [pool-2-thread-1] DEBUG net.thucydides.core.steps.StepEventBus - Test suite started for story net.thucydides.core.model.Story@6c554ffa

11:55:56.857 [pool-2-thread-1] INFO  - Test Suite Started: As admin I want to Delete a thread

11:55:56.857 [pool-2-thread-1] INFO io.cucumber.core.plugin.SerenityReporter - Running feature from file:///C:/Users/Asus/IdeaProjects/API_CAPSTONE/src/test/resources/api/ThreadDeleteIDUser.feature

11:55:56.857 [pool-2-thread-1] WARN io.cucumber.core.plugin.SerenityReporter - Feature from file:///C:/Users/Asus/IdeaProjects/API_CAPSTONE/src/test/resources/api/ThreadDeleteIDUser.feature is not under the 'features' directory. Requirements report will not be correctly generated!

11:55:56.872 [pool-2-thread-1] DEBUG net.thucydides.core.steps.StepEventBus - Test suite started for story net.thucydides.core.model.Story@e72ebd2e

11:55:56.872 [pool-2-thread-1] INFO  - Test Suite Started: As User I want to DELETE a thread by ID

11:55:56.872 [pool-2-thread-1] INFO io.cucumber.core.plugin.SerenityReporter - Running feature from file:///C:/Users/Asus/IdeaProjects/API_CAPSTONE/src/test/resources/api/ThreadsGetAllAdmin.feature

11:55:56.872 [pool-2-thread-1] WARN io.cucumber.core.plugin.SerenityReporter - Feature from file:///C:/Users/Asus/IdeaProjects/API_CAPSTONE/src/test/resources/api/ThreadsGetAllAdmin.feature is not under the 'features' directory. Requirements report will not be correctly generated!

11:55:56.888 [pool-2-thread-1] DEBUG net.thucydides.core.steps.StepEventBus - Test suite started for story net.thucydides.core.model.Story@7973447

11:55:56.888 [pool-2-thread-1] INFO  - Test Suite Started: As admin I want to get data all threads

11:55:56.888 [pool-2-thread-1] INFO io.cucumber.core.plugin.SerenityReporter - Running feature from file:///C:/Users/Asus/IdeaProjects/API_CAPSTONE/src/test/resources/api/ThreadsGetAllUser.feature

11:55:56.888 [pool-2-thread-1] WARN io.cucumber.core.plugin.SerenityReporter - Feature from file:///C:/Users/Asus/IdeaProjects/API_CAPSTONE/src/test/resources/api/ThreadsGetAllUser.feature is not under the 'features' directory. Requirements report will not be correctly generated!

11:55:56.904 [pool-2-thread-1] DEBUG net.thucydides.core.steps.StepEventBus - Test suite started for story net.thucydides.core.model.Story@94d125e3

11:55:56.904 [pool-2-thread-1] INFO  - Test Suite Started: As User I want to get data threads

11:55:56.904 [pool-2-thread-1] INFO io.cucumber.core.plugin.SerenityReporter - Running feature from file:///C:/Users/Asus/IdeaProjects/API_CAPSTONE/src/test/resources/api/ThreadsGetCommentAdmin.feature

11:55:56.904 [pool-2-thread-1] WARN io.cucumber.core.plugin.SerenityReporter - Feature from file:///C:/Users/Asus/IdeaProjects/API_CAPSTONE/src/test/resources/api/ThreadsGetCommentAdmin.feature is not under the 'features' directory. Requirements report will not be correctly generated!

11:55:56.919 [pool-2-thread-1] DEBUG net.thucydides.core.steps.StepEventBus - Test suite started for story net.thucydides.core.model.Story@6161dcbf

11:55:56.919 [pool-2-thread-1] INFO  - Test Suite Started: As admin I want to GET COMMENT a thread

11:55:56.919 [pool-2-thread-1] INFO io.cucumber.core.plugin.SerenityReporter - Running feature from file:///C:/Users/Asus/IdeaProjects/API_CAPSTONE/src/test/resources/api/ThreadsGetCommentUser.feature

11:55:56.919 [pool-2-thread-1] WARN io.cucumber.core.plugin.SerenityReporter - Feature from file:///C:/Users/Asus/IdeaProjects/API_CAPSTONE/src/test/resources/api/ThreadsGetCommentUser.feature is not under the 'features' directory. Requirements report will not be correctly generated!

11:55:56.935 [pool-2-thread-1] DEBUG net.thucydides.core.steps.StepEventBus - Test suite started for story net.thucydides.core.model.Story@ace4a93f

11:55:56.935 [pool-2-thread-1] INFO  - Test Suite Started: As User I want to GET COMMENT a thread by ID

11:55:56.935 [pool-2-thread-1] INFO io.cucumber.core.plugin.SerenityReporter - Running feature from file:///C:/Users/Asus/IdeaProjects/API_CAPSTONE/src/test/resources/api/ThreadsGetIDAdmin.feature

11:55:56.935 [pool-2-thread-1] WARN io.cucumber.core.plugin.SerenityReporter - Feature from file:///C:/Users/Asus/IdeaProjects/API_CAPSTONE/src/test/resources/api/ThreadsGetIDAdmin.feature is not under the 'features' directory. Requirements report will not be correctly generated!

11:55:56.950 [pool-2-thread-1] DEBUG net.thucydides.core.steps.StepEventBus - Test suite started for story net.thucydides.core.model.Story@cb3021d7

11:55:56.950 [pool-2-thread-1] INFO  - Test Suite Started: As admin I want to post a thread

11:55:56.950 [pool-2-thread-1] INFO io.cucumber.core.plugin.SerenityReporter - Running feature from file:///C:/Users/Asus/IdeaProjects/API_CAPSTONE/src/test/resources/api/ThreadsGetIDUser.feature

11:55:56.950 [pool-2-thread-1] WARN io.cucumber.core.plugin.SerenityReporter - Feature from file:///C:/Users/Asus/IdeaProjects/API_CAPSTONE/src/test/resources/api/ThreadsGetIDUser.feature is not under the 'features' directory. Requirements report will not be correctly generated!

11:55:56.966 [pool-2-thread-1] DEBUG net.thucydides.core.steps.StepEventBus - Test suite started for story net.thucydides.core.model.Story@f6a4d671

11:55:56.966 [pool-2-thread-1] INFO  - Test Suite Started: As User I want to get a thread by ID

11:55:56.966 [pool-2-thread-1] INFO io.cucumber.core.plugin.SerenityReporter - Running feature from file:///C:/Users/Asus/IdeaProjects/API_CAPSTONE/src/test/resources/api/ThreadsPosAdminComments.feature

11:55:56.966 [pool-2-thread-1] WARN io.cucumber.core.plugin.SerenityReporter - Feature from file:///C:/Users/Asus/IdeaProjects/API_CAPSTONE/src/test/resources/api/ThreadsPosAdminComments.feature is not under the 'features' directory. Requirements report will not be correctly generated!

11:55:56.966 [pool-2-thread-1] DEBUG net.thucydides.core.steps.StepEventBus - Test suite started for story net.thucydides.core.model.Story@ec9485fa

11:55:56.966 [pool-2-thread-1] INFO  - Test Suite Started: As admin I want to POST COMMENT a thread

11:55:56.966 [pool-2-thread-1] INFO io.cucumber.core.plugin.SerenityReporter - Running feature from file:///C:/Users/Asus/IdeaProjects/API_CAPSTONE/src/test/resources/api/ThreadsPostAdmin.feature

11:55:56.966 [pool-2-thread-1] WARN io.cucumber.core.plugin.SerenityReporter - Feature from file:///C:/Users/Asus/IdeaProjects/API_CAPSTONE/src/test/resources/api/ThreadsPostAdmin.feature is not under the 'features' directory. Requirements report will not be correctly generated!

11:55:56.982 [pool-2-thread-1] DEBUG net.thucydides.core.steps.StepEventBus - Test suite started for story net.thucydides.core.model.Story@32cdd784

11:55:56.982 [pool-2-thread-1] INFO  - Test Suite Started: As admin I want to post a thread

11:55:56.982 [pool-2-thread-1] INFO io.cucumber.core.plugin.SerenityReporter - Running feature from file:///C:/Users/Asus/IdeaProjects/API_CAPSTONE/src/test/resources/api/ThreadsPostUser.feature

11:55:56.982 [pool-2-thread-1] WARN io.cucumber.core.plugin.SerenityReporter - Feature from file:///C:/Users/Asus/IdeaProjects/API_CAPSTONE/src/test/resources/api/ThreadsPostUser.feature is not under the 'features' directory. Requirements report will not be correctly generated!

11:55:57.013 [pool-2-thread-1] DEBUG net.thucydides.core.steps.StepEventBus - Test suite started for story net.thucydides.core.model.Story@821a64b2

11:55:57.013 [pool-2-thread-1] INFO  - Test Suite Started: As User I want to post a thread

11:55:57.013 [pool-2-thread-1] INFO io.cucumber.core.plugin.SerenityReporter - Running feature from file:///C:/Users/Asus/IdeaProjects/API_CAPSTONE/src/test/resources/api/ThreadsPostUserComments.feature

11:55:57.013 [pool-2-thread-1] WARN io.cucumber.core.plugin.SerenityReporter - Feature from file:///C:/Users/Asus/IdeaProjects/API_CAPSTONE/src/test/resources/api/ThreadsPostUserComments.feature is not under the 'features' directory. Requirements report will not be correctly generated!

11:55:57.029 [pool-2-thread-1] DEBUG net.thucydides.core.steps.StepEventBus - Test suite started for story net.thucydides.core.model.Story@85d18d8

11:55:57.029 [pool-2-thread-1] INFO  - Test Suite Started: As User I want to POST COMMENT a thread

11:55:57.029 [pool-2-thread-1] INFO io.cucumber.core.plugin.SerenityReporter - Running feature from file:///C:/Users/Asus/IdeaProjects/API_CAPSTONE/src/test/resources/api/ThreadsPutAddModerator.feature

11:55:57.029 [pool-2-thread-1] WARN io.cucumber.core.plugin.SerenityReporter - Feature from file:///C:/Users/Asus/IdeaProjects/API_CAPSTONE/src/test/resources/api/ThreadsPutAddModerator.feature is not under the 'features' directory. Requirements report will not be correctly generated!

11:55:57.029 [pool-2-thread-1] DEBUG net.thucydides.core.steps.StepEventBus - Test suite started for story net.thucydides.core.model.Story@7e8c53b1

11:55:57.029 [pool-2-thread-1] INFO  - Test Suite Started: As user I want to PUT add moderator a thread

11:55:57.029 [pool-2-thread-1] INFO io.cucumber.core.plugin.SerenityReporter - Running feature from file:///C:/Users/Asus/IdeaProjects/API_CAPSTONE/src/test/resources/api/ThreadsPutAdmin.feature

11:55:57.029 [pool-2-thread-1] WARN io.cucumber.core.plugin.SerenityReporter - Feature from file:///C:/Users/Asus/IdeaProjects/API_CAPSTONE/src/test/resources/api/ThreadsPutAdmin.feature is not under the 'features' directory. Requirements report will not be correctly generated!

11:55:57.044 [pool-2-thread-1] DEBUG net.thucydides.core.steps.StepEventBus - Test suite started for story net.thucydides.core.model.Story@edf59b04

11:55:57.044 [pool-2-thread-1] INFO  - Test Suite Started: As admin I want to PUT a thread

11:55:57.044 [pool-2-thread-1] INFO io.cucumber.core.plugin.SerenityReporter - Running feature from file:///C:/Users/Asus/IdeaProjects/API_CAPSTONE/src/test/resources/api/ThreadsPutFolllow.feature

11:55:57.044 [pool-2-thread-1] WARN io.cucumber.core.plugin.SerenityReporter - Feature from file:///C:/Users/Asus/IdeaProjects/API_CAPSTONE/src/test/resources/api/ThreadsPutFolllow.feature is not under the 'features' directory. Requirements report will not be correctly generated!

11:55:57.060 [pool-2-thread-1] DEBUG net.thucydides.core.steps.StepEventBus - Test suite started for story net.thucydides.core.model.Story@cbc02c12

11:55:57.060 [pool-2-thread-1] INFO  - Test Suite Started: As user I want to PUT follow a thread

11:55:57.060 [pool-2-thread-1] INFO io.cucumber.core.plugin.SerenityReporter - Running feature from file:///C:/Users/Asus/IdeaProjects/API_CAPSTONE/src/test/resources/api/ThreadsPutRemoveModerator.feature

11:55:57.060 [pool-2-thread-1] WARN io.cucumber.core.plugin.SerenityReporter - Feature from file:///C:/Users/Asus/IdeaProjects/API_CAPSTONE/src/test/resources/api/ThreadsPutRemoveModerator.feature is not under the 'features' directory. Requirements report will not be correctly generated!

11:55:57.075 [pool-2-thread-1] DEBUG net.thucydides.core.steps.StepEventBus - Test suite started for story net.thucydides.core.model.Story@48c6cdf4

11:55:57.075 [pool-2-thread-1] INFO  - Test Suite Started: As user I want to PUT add moderator a thread

11:55:57.075 [pool-2-thread-1] INFO io.cucumber.core.plugin.SerenityReporter - Running feature from file:///C:/Users/Asus/IdeaProjects/API_CAPSTONE/src/test/resources/api/ThreadsPutUser.feature

11:55:57.075 [pool-2-thread-1] WARN io.cucumber.core.plugin.SerenityReporter - Feature from file:///C:/Users/Asus/IdeaProjects/API_CAPSTONE/src/test/resources/api/ThreadsPutUser.feature is not under the 'features' directory. Requirements report will not be correctly generated!

11:55:57.075 [pool-2-thread-1] DEBUG net.thucydides.core.steps.StepEventBus - Test suite started for story net.thucydides.core.model.Story@c37782c8

11:55:57.091 [pool-2-thread-1] INFO  - Test Suite Started: As User I want to PUT a thread by ID

11:55:57.091 [pool-2-thread-1] INFO io.cucumber.core.plugin.SerenityReporter - Running feature from file:///C:/Users/Asus/IdeaProjects/API_CAPSTONE/src/test/resources/api/ThreadsUserAdminPutLike.feature

11:55:57.091 [pool-2-thread-1] WARN io.cucumber.core.plugin.SerenityReporter - Feature from file:///C:/Users/Asus/IdeaProjects/API_CAPSTONE/src/test/resources/api/ThreadsUserAdminPutLike.feature is not under the 'features' directory. Requirements report will not be correctly generated!

11:55:57.091 [pool-2-thread-1] DEBUG net.thucydides.core.steps.StepEventBus - Test suite started for story net.thucydides.core.model.Story@270d94f2

11:55:57.091 [pool-2-thread-1] INFO  - Test Suite Started: As user and admin I want to PUT like a thread



1
 Scenarios (
&amp#27;[32m1 passed&amp#27;[0m
)

4
 Steps (
&amp#27;[32m4 passed&amp#27;[0m
)

0m
19.062s





11:56:14.809 [pool-2-thread-1] DEBUG net.thucydides.core.reports.ReportService - Reporting formats: [JSON, HTML]

11:56:14.966 [pool-2-thread-1] DEBUG net.thucydides.core.reports.ReportService - Reporting formats: [JSON, HTML]

11:56:14.981 [pool-2-thread-1] DEBUG net.thucydides.core.reports.ReportService - Generating reports for 1 test outcomes using: net.thucydides.core.reports.json.JSONTestOutcomeReporter@4d8c99e9

11:56:14.981 [pool-2-thread-1] DEBUG net.thucydides.core.reports.ReportService - Processing test outcome As user I want to PUT add moderator a thread:As user I want to success PUT add moderator a thread

11:56:14.981 [pool-2-thread-1] INFO net.thucydides.core.reports.ReportService - net.thucydides.core.reports.json.JSONTestOutcomeReporter@4d8c99e9: Generating report for test outcome: As user I want to PUT add moderator a thread:As user I want to success PUT add moderator a thread

11:56:14.997 [pool-2-thread-1] DEBUG net.thucydides.core.reports.json.JSONTestOutcomeReporter - Generating JSON report for As user I want to success PUT add moderator a thread to file C:\Users\Asus\IdeaProjects\API_CAPSTONE\target\site\serenity\f5c21758097deac3fcd4c6d8043309324120b0ecbb40b33ef583c9ed6a3b8add.json (using temp file C:\Users\Asus\IdeaProjects\API_CAPSTONE\target\site\serenity\f5c21758097deac3fcd4c6d8043309324120b0ecbb40b33ef583c9ed6a3b8add.json33badd39-39db-48ca-817c-25f0227eedaa)

11:56:15.091 [pool-2-thread-1] DEBUG net.thucydides.core.reports.ReportService - Processing test outcome As user I want to PUT add moderator a thread:As user I want to success PUT add moderator a thread done

11:56:15.091 [pool-2-thread-1] DEBUG net.thucydides.core.reports.ReportService - Shutting down executor service

11:56:15.091 [pool-2-thread-1] DEBUG net.thucydides.core.reports.ReportService - Reports generated in: 110 ms

11:56:15.091 [pool-2-thread-1] DEBUG net.thucydides.core.reports.ReportService - Generating reports for 1 test outcomes using: net.thucydides.core.reports.html.HtmlAcceptanceTestReporter@2c7dd361

11:56:15.091 [pool-3-thread-1] DEBUG net.thucydides.core.reports.ReportService - Processing test outcome As user I want to PUT add moderator a thread:As user I want to success PUT add moderator a thread

11:56:15.091 [pool-3-thread-1] INFO net.thucydides.core.reports.ReportService - net.thucydides.core.reports.html.HtmlAcceptanceTestReporter@2c7dd361: Generating report for test outcome: As user I want to PUT add moderator a thread:As user I want to success PUT add moderator a thread

11:56:15.137 [pool-3-thread-1] WARN net.thucydides.core.requirements.RequirementsTagProvider - Failed to load requirements: Illegal char <:> at index 4: file:\C:\Users\Asus\IdeaProjects\API_CAPSTONE\src\test\resources\api\ThreadsPutRemoveModerator.feature
java.nio.file.InvalidPathException: Illegal char <:> at index 4: file:\C:\Users\Asus\IdeaProjects\API_CAPSTONE\src\test\resources\api\ThreadsPutRemoveModerator.feature
	at java.base/sun.nio.fs.WindowsPathParser.normalize(WindowsPathParser.java:182)
	at java.base/sun.nio.fs.WindowsPathParser.parse(WindowsPathParser.java:153)
	at java.base/sun.nio.fs.WindowsPathParser.parse(WindowsPathParser.java:77)
	at java.base/sun.nio.fs.WindowsPath.parse(WindowsPath.java:92)
	at java.base/sun.nio.fs.WindowsFileSystem.getPath(WindowsFileSystem.java:232)
	at java.base/java.io.File.toPath(File.java:2387)
	at net.thucydides.core.requirements.RootDirectory.getRelativePathOf(RootDirectory.java:364)
	at net.thucydides.core.requirements.FileSystemRequirementsTagProvider.requirementWithMatchingPath(FileSystemRequirementsTagProvider.java:372)
	at net.thucydides.core.requirements.FileSystemRequirementsTagProvider.getParentRequirementOf(FileSystemRequirementsTagProvider.java:335)
	at net.thucydides.core.requirements.ParentRequirementsProvided.forOutcome(ParentRequirementsProvided.java:26)
	at net.thucydides.core.requirements.BaseRequirementsService.getParentRequirementOf(BaseRequirementsService.java:138)
	at net.thucydides.core.requirements.BaseRequirementsService.getParentRequirementFor(BaseRequirementsService.java:48)
	at net.thucydides.core.reports.html.HtmlAcceptanceTestReporter.addParentRequirmentFieldToContext(HtmlAcceptanceTestReporter.java:196)
	at net.thucydides.core.reports.html.HtmlAcceptanceTestReporter.addTestOutcomeToContext(HtmlAcceptanceTestReporter.java:190)
	at net.thucydides.core.reports.html.HtmlAcceptanceTestReporter.generateReportFor(HtmlAcceptanceTestReporter.java:105)
	at net.thucydides.core.reports.ReportService.generateReportFor(ReportService.java:246)
	at net.thucydides.core.reports.ReportService.lambda$generateReportsFor$0(ReportService.java:184)
	at java.base/java.util.concurrent.Executors$RunnableAdapter.call(Executors.java:539)
	at java.base/java.util.concurrent.FutureTask.run(FutureTask.java:264)
	at java.base/java.util.concurrent.ThreadPoolExecutor.runWorker(ThreadPoolExecutor.java:1136)
	at java.base/java.util.concurrent.ThreadPoolExecutor$Worker.run(ThreadPoolExecutor.java:635)
	at java.base/java.lang.Thread.run(Thread.java:833)

11:56:15.137 [pool-3-thread-1] WARN net.thucydides.core.requirements.RequirementsTagProvider - Failed to load requirements: Illegal char <:> at index 4: file:\C:\Users\Asus\IdeaProjects\API_CAPSTONE\src\test\resources\api\ThreadsPutRemoveModerator.feature
java.nio.file.InvalidPathException: Illegal char <:> at index 4: file:\C:\Users\Asus\IdeaProjects\API_CAPSTONE\src\test\resources\api\ThreadsPutRemoveModerator.feature
	at java.base/sun.nio.fs.WindowsPathParser.normalize(WindowsPathParser.java:182)
	at java.base/sun.nio.fs.WindowsPathParser.parse(WindowsPathParser.java:153)
	at java.base/sun.nio.fs.WindowsPathParser.parse(WindowsPathParser.java:77)
	at java.base/sun.nio.fs.WindowsPath.parse(WindowsPath.java:92)
	at java.base/sun.nio.fs.WindowsFileSystem.getPath(WindowsFileSystem.java:232)
	at java.base/java.io.File.toPath(File.java:2387)
	at net.thucydides.core.requirements.RootDirectory.getRelativePathOf(RootDirectory.java:364)
	at net.thucydides.core.requirements.FileSystemRequirementsTagProvider.requirementWithMatchingPath(FileSystemRequirementsTagProvider.java:372)
	at net.thucydides.core.requirements.FileSystemRequirementsTagProvider.getParentRequirementOf(FileSystemRequirementsTagProvider.java:335)
	at net.thucydides.core.requirements.ParentRequirementsProvided.forOutcome(ParentRequirementsProvided.java:26)
	at net.thucydides.core.requirements.BaseRequirementsService.getParentRequirementOf(BaseRequirementsService.java:138)
	at net.thucydides.core.requirements.BaseRequirementsService.getAncestorRequirementsFor(BaseRequirementsService.java:78)
	at net.thucydides.core.reports.html.HtmlAcceptanceTestReporter.addBreadcrumbs(HtmlAcceptanceTestReporter.java:226)
	at net.thucydides.core.reports.html.HtmlAcceptanceTestReporter.addParentRequirmentFieldToContext(HtmlAcceptanceTestReporter.java:214)
	at net.thucydides.core.reports.html.HtmlAcceptanceTestReporter.addTestOutcomeToContext(HtmlAcceptanceTestReporter.java:190)
	at net.thucydides.core.reports.html.HtmlAcceptanceTestReporter.generateReportFor(HtmlAcceptanceTestReporter.java:105)
	at net.thucydides.core.reports.ReportService.generateReportFor(ReportService.java:246)
	at net.thucydides.core.reports.ReportService.lambda$generateReportsFor$0(ReportService.java:184)
	at java.base/java.util.concurrent.Executors$RunnableAdapter.call(Executors.java:539)
	at java.base/java.util.concurrent.FutureTask.run(FutureTask.java:264)
	at java.base/java.util.concurrent.ThreadPoolExecutor.runWorker(ThreadPoolExecutor.java:1136)
	at java.base/java.util.concurrent.ThreadPoolExecutor$Worker.run(ThreadPoolExecutor.java:635)
	at java.base/java.lang.Thread.run(Thread.java:833)

11:56:15.137 [pool-3-thread-1] WARN net.thucydides.core.requirements.RequirementsTagProvider - Failed to load requirements: Illegal char <:> at index 4: file:\C:\Users\Asus\IdeaProjects\API_CAPSTONE\src\test\resources\api\ThreadsPutRemoveModerator.feature
java.nio.file.InvalidPathException: Illegal char <:> at index 4: file:\C:\Users\Asus\IdeaProjects\API_CAPSTONE\src\test\resources\api\ThreadsPutRemoveModerator.feature
	at java.base/sun.nio.fs.WindowsPathParser.normalize(WindowsPathParser.java:182)
	at java.base/sun.nio.fs.WindowsPathParser.parse(WindowsPathParser.java:153)
	at java.base/sun.nio.fs.WindowsPathParser.parse(WindowsPathParser.java:77)
	at java.base/sun.nio.fs.WindowsPath.parse(WindowsPath.java:92)
	at java.base/sun.nio.fs.WindowsFileSystem.getPath(WindowsFileSystem.java:232)
	at java.base/java.io.File.toPath(File.java:2387)
	at net.thucydides.core.requirements.RootDirectory.getRelativePathOf(RootDirectory.java:364)
	at net.thucydides.core.requirements.FileSystemRequirementsTagProvider.requirementWithMatchingPath(FileSystemRequirementsTagProvider.java:372)
	at net.thucydides.core.requirements.FileSystemRequirementsTagProvider.getParentRequirementOf(FileSystemRequirementsTagProvider.java:335)
	at net.thucydides.core.requirements.ParentRequirementsProvided.forOutcome(ParentRequirementsProvided.java:26)
	at net.thucydides.core.requirements.BaseRequirementsService.getParentRequirementOf(BaseRequirementsService.java:138)
	at net.thucydides.core.requirements.BaseRequirementsService.getAncestorRequirementsFor(BaseRequirementsService.java:78)
	at net.thucydides.core.tags.BreadcrumbTagFilter.getRequirementBreadcrumbsFrom(BreadcrumbTagFilter.java:51)
	at net.thucydides.core.reports.html.HtmlAcceptanceTestReporter.addBreadcrumbs(HtmlAcceptanceTestReporter.java:227)
	at net.thucydides.core.reports.html.HtmlAcceptanceTestReporter.addParentRequirmentFieldToContext(HtmlAcceptanceTestReporter.java:214)
	at net.thucydides.core.reports.html.HtmlAcceptanceTestReporter.addTestOutcomeToContext(HtmlAcceptanceTestReporter.java:190)
	at net.thucydides.core.reports.html.HtmlAcceptanceTestReporter.generateReportFor(HtmlAcceptanceTestReporter.java:105)
	at net.thucydides.core.reports.ReportService.generateReportFor(ReportService.java:246)
	at net.thucydides.core.reports.ReportService.lambda$generateReportsFor$0(ReportService.java:184)
	at java.base/java.util.concurrent.Executors$RunnableAdapter.call(Executors.java:539)
	at java.base/java.util.concurrent.FutureTask.run(FutureTask.java:264)
	at java.base/java.util.concurrent.ThreadPoolExecutor.runWorker(ThreadPoolExecutor.java:1136)
	at java.base/java.util.concurrent.ThreadPoolExecutor$Worker.run(ThreadPoolExecutor.java:635)
	at java.base/java.lang.Thread.run(Thread.java:833)

11:56:16.684 [pool-3-thread-1] DEBUG serenity.reporting - Generating report in f5c21758097deac3fcd4c6d8043309324120b0ecbb40b33ef583c9ed6a3b8add.html

11:56:17.716 [pool-3-thread-1] DEBUG serenity.reporting - Generated report f5c21758097deac3fcd4c6d8043309324120b0ecbb40b33ef583c9ed6a3b8add.html in 1032 ms

11:56:17.716 [pool-3-thread-1] DEBUG net.thucydides.core.reports.ReportService - Processing test outcome As user I want to PUT add moderator a thread:As user I want to success PUT add moderator a thread done

11:56:17.716 [pool-2-thread-1] DEBUG net.thucydides.core.reports.ReportService - Shutting down executor service

11:56:17.716 [pool-2-thread-1] DEBUG net.thucydides.core.reports.ReportService - Reports generated in: 2625 ms

11:56:18.044 [pool-2-thread-1] INFO io.cucumber.core.plugin.SerenityReporter - Cleanup test resources for URI file:///C:/Users/Asus/IdeaProjects/API_CAPSTONE/src/test/resources/api/ThreadsPutRemoveModerator.feature


@PUT-remove-moderator-user-ThreadsTC @PUTaddsertrdsID01
Scenario: As user I want to success PUT add moderator a thread &amp#27;[90m# src/test/resources/api/ThreadsPutRemoveModerator.feature:5&amp#27;[0m
11:55:57.763 [pool-2-thread-1] INFO io.cucumber.core.plugin.SerenityReporter - Running feature from file:///C:/Users/Asus/IdeaProjects/API_CAPSTONE/src/test/resources/api/ThreadsPutRemoveModerator.feature
11:55:57.763 [pool-2-thread-1] WARN io.cucumber.core.plugin.SerenityReporter - Feature from file:///C:/Users/Asus/IdeaProjects/API_CAPSTONE/src/test/resources/api/ThreadsPutRemoveModerator.feature is not under the 'features' directory. Requirements report will not be correctly generated!
11:55:57.904 [pool-2-thread-1] INFO  - 
  _____   ___   ___   _____     ___   _____     _     ___   _____   ___   ___  
 |_   _| | __| / __| |_   _|   / __| |_   _|   /_\   | _ \ |_   _| | __| |   \ 
   | |   | _|  \__ \   | |     \__ \   | |    / _ \  |   /   | |   | _|  | |) |
   |_|   |___| |___/   |_|     |___/   |_|   /_/ \_\ |_|_\   |_|   |___| |___/ 

As user I want to success PUT add moderator a thread(as-user-i-want-to-put-add-moderator-a-thread;as-user-i-want-to-success-put-add-moderator-a-thread)
--------------------------------------------------------------------------------
11:55:58.779 [pool-2-thread-1] DEBUG net.thucydides.core.steps.StepInterceptor - STARTING STEP: CatGetThredsSteps.userSucceesLogin - user succees auth using exist account
11:56:10.591 [pool-2-thread-1] DEBUG net.thucydides.core.steps.StepInterceptor - STEP DONE: user succees auth using exist account
  &amp#27;[32mGiven &amp#27;[0m&amp#27;[32muser succees auth using exist account&amp#27;[0m                  &amp#27;[90m# starter.stepdefinitions.Categories.CatGetThredsSteps.userSucceesLogin()&amp#27;[0m
11:56:10.934 [pool-2-thread-1] DEBUG net.thucydides.core.steps.StepInterceptor - STARTING STEP: Threadsteps.putUserAddModerator - user send PUT add moderator request a thread
11:56:12.841 [pool-2-thread-1] DEBUG net.thucydides.core.steps.StepInterceptor - STEP DONE: user send PUT add moderator request a thread
  &amp#27;[32mWhen &amp#27;[0m&amp#27;[32muser send PUT add moderator request a thread&amp#27;[0m            &amp#27;[90m# starter.stepdefinitions.threads.Threadsteps.putUserAddModerator()&amp#27;[0m
11:56:12.888 [pool-2-thread-1] DEBUG net.thucydides.core.steps.StepInterceptor - STARTING STEP: Threadsteps.putUserRemoveModerator - user remove moderator thread
11:56:14.684 [pool-2-thread-1] DEBUG net.thucydides.core.steps.StepInterceptor - STEP DONE: user remove moderator thread
  &amp#27;[32mThen &amp#27;[0m&amp#27;[32muser remove moderator thread&amp#27;[0m                            &amp#27;[90m# starter.stepdefinitions.threads.Threadsteps.putUserRemoveModerator()&amp#27;[0m
11:56:14.700 [pool-2-thread-1] DEBUG net.thucydides.core.steps.StepInterceptor - STARTING STEP: Threadsteps.putStatusCode204 - user see status code 204
11:56:14.778 [pool-2-thread-1] DEBUG net.thucydides.core.steps.StepInterceptor - STEP DONE: user see status code 204
  &amp#27;[32mAnd &amp#27;[0m&amp#27;[32muser see status code 204&amp#27;[0m                                 &amp#27;[90m# starter.stepdefinitions.threads.Threadsteps.putStatusCode204()&amp#27;[0m
11:56:14.778 [pool-2-thread-1] INFO  - 
  _____   ___   ___   _____     ___     _     ___   ___   ___   ___  
 |_   _| | __| / __| |_   _|   | _ \   /_\   / __| / __| | __| |   \ 
   | |   | _|  \__ \   | |     |  _/  / _ \  \__ \ \__ \ | _|  | |) |
   |_|   |___| |___/   |_|     |_|   /_/ \_\ |___/ |___/ |___| |___/ 

As user I want to success PUT add moderator a thread
----------------------------------------------------------------------
]]></system-out>
  </testcase>
</testsuite>