<?xml version="1.0" encoding="UTF-8"?><testsuite errors="0" failures="0" name="As user i want to register" skipped="0" tests="10" time="32.55" timestamp="2022-06-19 10:32:07"><testcase name="as a user I want to register valid all data"/><testcase name="as a user I want to register with already exists data"/><testcase name="as a user I want to register valid data with invalid endpoint"/><testcase name="as a user I want to register valid data with invalid method"/><testcase name="as a user I want to register valid data without set value API-Key"/><testcase name="as a user I want to register valid data with one empty data"/><testcase name="as a user I want to register valid data with data username and email already exists"/><testcase name="as a user I want to register invalid email (without @)"/><testcase name="as a user I want to register invalid username with spacebar"/><testcase name="as a user I want to register invalid username with capital letters"/></testsuite>